LOG - IP address: ::1 - 
17/11/2021 00:27:37: User Javier Leon updated Item on cart: 125 X 6
--------------------------

LOG - IP address: ::1 - 
17/11/2021 00:29:28: User Javier Leon access to checkout payment page
--------------------------

LOG - IP address: ::1 - 
17/11/2021 00:30:56: User Javier Leon access to checkout payment page
--------------------------

LOG - IP address: ::1 - 
17/11/2021 00:31:11: User Javier Leon access to checkout payment page
--------------------------

LOG - IP address: ::1 - 
17/11/2021 00:33:28: User Javier Leon access to checkout payment page
--------------------------

LOG - IP address: ::1 - 
17/11/2021 00:33:39: User Javier Leon access to checkout payment page
--------------------------

LOG - IP address: ::1 - 
17/11/2021 00:34:02: User Javier Leon access to checkout payment page
--------------------------

LOG - IP address: ::1 - 
17/11/2021 00:34:07: User Javier Leon access to checkout payment page
--------------------------

LOG - IP address: ::1 - 
17/11/2021 00:34:39: User Javier Leon access to checkout payment page
--------------------------

LOG - IP address: ::1 - 
17/11/2021 00:34:44: User Javier Leon access to checkout payment page
--------------------------

LOG - IP address: ::1 - 
17/11/2021 00:34:53: User Javier Leon access to checkout payment page
--------------------------

LOG - IP address: ::1 - 
17/11/2021 00:34:55: User Javier Leon access to checkout payment page
--------------------------

LOG - IP address: ::1 - 
17/11/2021 00:34:59: User Javier Leon access to checkout payment page
--------------------------

LOG - IP address: ::1 - 
17/11/2021 00:35:08: User Javier Leon access to checkout payment page
--------------------------

LOG - IP address: ::1 - 
17/11/2021 00:35:47: User Javier Leon access to products page
--------------------------

LOG - IP address: ::1 - 
17/11/2021 00:35:47: User Javier Leon access to checkout payment page
--------------------------

LOG - IP address: ::1 - 
17/11/2021 00:35:48: User Javier Leon access to checkout page
--------------------------

LOG - IP address: ::1 - 
17/11/2021 00:35:49: User Javier Leon access to checkout payment page
--------------------------

LOG - IP address: ::1 - 
17/11/2021 00:35:51: User Javier Leon access to checkout payment page
--------------------------

LOG - IP address: ::1 - 
17/11/2021 00:36:30: User Javier Leon access to checkout payment page
--------------------------

LOG - IP address: ::1 - 
17/11/2021 00:37:02: User Javier Leon access to checkout payment page
--------------------------

LOG - IP address: ::1 - 
17/11/2021 00:37:10: User Javier Leon access to checkout payment page
--------------------------

LOG - IP address: ::1 - 
17/11/2021 00:37:18: User Javier Leon access to checkout payment page
--------------------------

LOG - IP address: ::1 - 
17/11/2021 00:37:47: User Javier Leon access to checkout payment page
--------------------------

LOG - IP address: ::1 - 
17/11/2021 00:37:49: User Javier Leon access to checkout payment page
--------------------------

LOG - IP address: ::1 - 
17/11/2021 00:37:50: User Javier Leon access to checkout payment page
--------------------------

LOG - IP address: ::1 - 
17/11/2021 00:38:00: User Javier Leon access to checkout payment page
--------------------------

LOG - IP address: ::1 - 
17/11/2021 00:38:01: User Javier Leon access to checkout payment page
--------------------------

LOG - IP address: ::1 - 
17/11/2021 00:38:01: User Javier Leon access to checkout payment page
--------------------------

LOG - IP address: ::1 - 
17/11/2021 00:38:12: User Javier Leon access to checkout payment page
--------------------------

LOG - IP address: ::1 - 
17/11/2021 00:40:15: User Javier Leon completed a payment
--------------------------

LOG - IP address: ::1 - 
17/11/2021 00:40:28: User Javier Leon completed a payment
--------------------------

LOG - IP address: ::1 - 
17/11/2021 00:40:30: User Javier Leon access to checkout page
--------------------------

LOG - IP address: ::1 - 
17/11/2021 00:41:13: User Javier Leon access to checkout page
--------------------------

LOG - IP address: ::1 - 
17/11/2021 00:41:16: User Javier Leon access to checkout payment page
--------------------------

LOG - IP address: ::1 - 
17/11/2021 00:41:18: User Javier Leon access to checkout page
--------------------------

LOG - IP address: ::1 - 
17/11/2021 00:41:19: User Javier Leon access to products page
--------------------------

LOG - IP address: ::1 - 
17/11/2021 00:41:21: User Javier Leon access to products page
--------------------------

LOG - IP address: ::1 - 
17/11/2021 00:41:22: User Javier Leon added Item to cart: 128 X 1
--------------------------

LOG - IP address: ::1 - 
17/11/2021 00:41:23: User Javier Leon access to checkout page
--------------------------

LOG - IP address: ::1 - 
17/11/2021 00:41:25: User Javier Leon remove Item from cart: 128
--------------------------

LOG - IP address: ::1 - 
17/11/2021 00:41:26: User Javier Leon access to checkout page
--------------------------

LOG - IP address: ::1 - 
17/11/2021 00:41:30: User Javier Leon access to checkout payment page
--------------------------

LOG - IP address: ::1 - 
17/11/2021 00:41:31: User Javier Leon completed a payment
--------------------------

LOG - IP address: ::1 - 
17/11/2021 00:42:00: User Javier Leon completed a payment
--------------------------

LOG - IP address: ::1 - 
17/11/2021 00:42:09: User Javier Leon completed a payment
--------------------------

LOG - IP address: ::1 - 
17/11/2021 00:42:15: User Javier Leon completed a payment
--------------------------

LOG - IP address: ::1 - 
17/11/2021 00:42:19: User Javier Leon completed a payment
--------------------------

LOG - IP address: ::1 - 
17/11/2021 00:47:45: User Javier Leon access to checkout page
--------------------------

LOG - IP address: ::1 - 
17/11/2021 00:47:46: User Javier Leon access to products page
--------------------------

LOG - IP address: ::1 - 
17/11/2021 00:47:48: User Javier Leon access to products page
--------------------------

LOG - IP address: ::1 - 
17/11/2021 00:48:15: User Javier Leon added Item to cart: 128 X 1
--------------------------

LOG - IP address: ::1 - 
17/11/2021 00:48:21: User Javier Leon added Item to cart: 125 X 3
--------------------------

LOG - IP address: ::1 - 
17/11/2021 00:48:25: User Javier Leon access to checkout page
--------------------------

LOG - IP address: ::1 - 
17/11/2021 00:48:29: User Javier Leon updated Item on cart: 125 X 4
--------------------------

LOG - IP address: ::1 - 
17/11/2021 00:48:31: User Javier Leon updated Item on cart: 128 X 2
--------------------------

LOG - IP address: ::1 - 
17/11/2021 00:48:36: User Javier Leon access to checkout payment page
--------------------------

LOG - IP address: ::1 - 
17/11/2021 00:48:41: User Javier Leon completed a payment
--------------------------

LOG - IP address: ::1 - 
17/11/2021 00:50:51: User Javier Leon access to products page
--------------------------

LOG - IP address: ::1 - 
17/11/2021 00:51:06: User Javier Leon access to products page
--------------------------

LOG - IP address: ::1 - 
17/11/2021 00:59:53: User Javier Leon access to products page
--------------------------

LOG - IP address: ::1 - 
17/11/2021 00:59:53: User Javier Leon access to Sales page.
--------------------------

LOG - IP address: ::1 - 
17/11/2021 00:59:57: User Javier Leon access to products page
--------------------------

LOG - IP address: ::1 - 
17/11/2021 00:59:58: User Javier Leon access to products page
--------------------------

LOG - IP address: ::1 - 
17/11/2021 23:21:44: User Javier Leon access to Index page
--------------------------

LOG - IP address: 192.168.56.1 - 
17/11/2021 23:22:22: User  access to Index page
--------------------------

LOG - IP address: 192.168.56.1 - 
17/11/2021 23:29:59: User  Failed to Log in.
--------------------------

LOG - IP address: 192.168.56.1 - 
17/11/2021 23:30:17: User  successfully logged in.
--------------------------

LOG - IP address: 192.168.56.1 - 
17/11/2021 23:30:17: User Javier Leon access to Index page
--------------------------

LOG - IP address: 192.168.56.1 - 
17/11/2021 23:30:18: User Javier Leon access to Sales page.
--------------------------

LOG - IP address: 192.168.56.1 - 
17/11/2021 23:30:19: User Javier Leon access to products page
--------------------------

LOG - IP address: 192.168.56.1 - 
17/11/2021 23:30:20: User Javier Leon access to products page
--------------------------

LOG - IP address: 192.168.56.1 - 
17/11/2021 23:30:28: User Javier Leon access to Stock page.
--------------------------

LOG - IP address: 192.168.56.1 - 
17/11/2021 23:30:29: User Javier Leon access to Stock page.
--------------------------

LOG - IP address: 192.168.56.1 - 
17/11/2021 23:30:35: User Javier Leon access to edit the stock: 
--------------------------

LOG - IP address: 192.168.56.1 - 
18/11/2021 00:30:27: User  successfully logged in.
--------------------------

LOG - IP address: 192.168.56.1 - 
18/11/2021 00:30:27: User Javier Leon access to Index page
--------------------------

LOG - IP address: 192.168.56.1 - 
18/11/2021 00:30:32: User Javier Leon access to Sales page.
--------------------------

LOG - IP address: 192.168.56.1 - 
18/11/2021 00:30:35: User Javier Leon access to checkout page
--------------------------

LOG - IP address: 192.168.56.1 - 
18/11/2021 00:30:36: User Javier Leon access to Stock page.
--------------------------

LOG - IP address: 192.168.56.1 - 
18/11/2021 00:30:37: User Javier Leon access to Stock page.
--------------------------

LOG - IP address: 192.168.56.1 - 
18/11/2021 23:44:39: User  successfully logged in.
--------------------------

LOG - IP address: 192.168.56.1 - 
18/11/2021 23:44:39: User Javier Leon access to Index page
--------------------------

LOG - IP address: 192.168.56.1 - 
18/11/2021 23:44:53: User Javier Leon access to products page
--------------------------

LOG - IP address: 192.168.56.1 - 
18/11/2021 23:44:54: User Javier Leon access to products page
--------------------------

LOG - IP address: 192.168.56.1 - 
18/11/2021 23:45:38: User Javier Leon access to Stock page.
--------------------------

LOG - IP address: 192.168.56.1 - 
18/11/2021 23:45:39: User Javier Leon access to Stock page.
--------------------------

LOG - IP address: 192.168.56.1 - 
18/11/2021 23:45:41: User Javier Leon access to edit the stock: 125
--------------------------

LOG - IP address: 192.168.56.1 - 
18/11/2021 23:45:44: User Javier Leon access to checkout page
--------------------------

LOG - IP address: 192.168.56.1 - 
18/11/2021 23:45:46: User Javier Leon access to products page
--------------------------

LOG - IP address: 192.168.56.1 - 
18/11/2021 23:45:47: User Javier Leon access to products page
--------------------------

LOG - IP address: 192.168.56.1 - 
18/11/2021 23:45:49: User Javier Leon added Item to cart: 128 X 3
--------------------------

LOG - IP address: 192.168.56.1 - 
18/11/2021 23:45:50: User Javier Leon access to checkout page
--------------------------

LOG - IP address: 192.168.56.1 - 
18/11/2021 23:46:23: User Javier Leon access to Sales page.
--------------------------

LOG - IP address: 192.168.56.1 - 
18/11/2021 23:46:24: User Javier Leon access to Sales page.
--------------------------

LOG - IP address: 192.168.56.1 - 
19/11/2021 00:18:52: User Javier Leon access to products page
--------------------------

LOG - IP address: 192.168.56.1 - 
19/11/2021 00:18:53: User Javier Leon access to products page
--------------------------

LOG - IP address: 192.168.56.1 - 
19/11/2021 00:19:16: User  Logged out
--------------------------

LOG - IP address: 192.168.56.1 - 
19/11/2021 00:19:20: User  Failed to Log in.
--------------------------

LOG - IP address: 192.168.56.1 - 
19/11/2021 00:19:27: User  successfully logged in.
--------------------------

LOG - IP address: 192.168.56.1 - 
19/11/2021 00:19:27: User Javier Leon access to Index page
--------------------------

LOG - IP address: 192.168.56.1 - 
19/11/2021 00:19:29: User Javier Leon access to Stock page.
--------------------------

LOG - IP address: 192.168.56.1 - 
19/11/2021 00:19:32: User Javier Leon access to Stock page.
--------------------------

LOG - IP address: 192.168.56.1 - 
19/11/2021 00:19:33: User Javier Leon access to edit the stock: 125
--------------------------

LOG - IP address: 192.168.56.1 - 
19/11/2021 00:19:36: User Javier Leon access to Sales page.
--------------------------

LOG - IP address: 192.168.56.1 - 
19/11/2021 00:19:37: User Javier Leon access to Sales page.
--------------------------

LOG - IP address: 192.168.56.1 - 
19/11/2021 00:19:37: User Javier Leon access to edit the sale: 
--------------------------

LOG - IP address: 192.168.56.1 - 
19/11/2021 00:19:39: User  searched user: .
--------------------------

LOG - IP address: 192.168.56.1 - 
19/11/2021 00:19:42: User  searched user: de.
--------------------------

LOG - IP address: 192.168.56.1 - 
19/11/2021 00:19:43: User  searched user: d.
--------------------------

LOG - IP address: 192.168.56.1 - 
19/11/2021 00:19:45: User  searched user: da.
--------------------------

LOG - IP address: 192.168.56.1 - 
19/11/2021 00:19:59: User  searched user: d.
--------------------------

LOG - IP address: 192.168.56.1 - 
19/11/2021 00:20:43: User  searched user: d.
--------------------------

LOG - IP address: 192.168.56.1 - 
19/11/2021 00:20:50: User  Logged out
--------------------------

LOG - IP address: 192.168.56.1 - 
19/11/2021 00:21:07: User  successfully logged in.
--------------------------

LOG - IP address: 192.168.56.1 - 
19/11/2021 00:21:07: User Javier Leon access to Index page
--------------------------

LOG - IP address: 192.168.56.1 - 
19/11/2021 00:21:11: User Javier Leon access to checkout page
--------------------------

